<?xml version="1.0" encoding="UTF-8"?>
<testsuite name="Autenticacion en la pagina de MysticalCut" tests="1" skipped="0" failures="0" errors="0" timestamp="2025-06-06T04:35:58" hostname="DESKTOP-K93MH9I" time="9.146">
  <properties/>
  <testcase name="Verificar la autenticacion exitosa en la pagina de Mystical" classname="Autenticacion en la pagina de MysticalCut" time="9.146"/>
  <system-out><![CDATA[    ?[32mDado ?[0m?[32mque el usuario se encuentra en la pagina de inicio de sesion de Mystical?[0m                                                ?[90m# AutenticacionMysticalStepDefinitions.queElUsuarioSeEncuentraEnLaPaginaDeInicioDeSesionDeMystical()?[0m
    ?[32mCuando ?[0m?[32mingrese las credenciales correctas (usuario y contrasena)?[0m                                                             ?[90m# AutenticacionMysticalStepDefinitions.ingreseLasCredencialesCorrectasUsuarioYContrasena(CredencialesInicioSesion>)?[0m
    ?[32mEntonces ?[0m?[32mse debe verificar que el usuario haya sido autenticado correctamente y redirigido a su pagina de inicio de Mystical?[0m ?[90m# AutenticacionMysticalStepDefinitions.seDebeVerificarQueElUsuarioHayaSidoAutenticadoCorrectamenteYRedirigidoASuPaginaDeInicioDeMystical()?[0m
]]></system-out>
  <system-err><![CDATA[jun. 05, 2025 11:35:58 P. M. org.openqa.selenium.remote.DesiredCapabilities chrome
INFO: Using `new ChromeOptions()` is preferred to `DesiredCapabilities.chrome()`
[Test worker] INFO net.serenitybdd.core.webdriver.driverproviders.ProvideNewDriver - Instantiating driver
[Test worker] INFO net.serenitybdd.core.webdriver.driverproviders.ProvideNewDriver - Driver capabilities: Capabilities {acceptInsecureCerts: false, browserName: chrome, goog:chromeOptions: {args: [], extensions: [], prefs: {behavior: allow}}, loggingPrefs: org.openqa.selenium.logging..., name: proyecto, platform: ANY, unhandledPromptBehavior: ignore, version: }
Starting ChromeDriver 136.0.7103.94 (fa0be0b33debeb378a8e6ad9c599be34e2dc3b37-refs/branch-heads/7103@{#1842}) on port 1498
Only local connections are allowed.
Please see https://chromedriver.chromium.org/security-considerations for suggestions on keeping ChromeDriver safe.
ChromeDriver was started successfully on port 1498.
[1749184562.424][WARNING]: This version of ChromeDriver has not been tested with Chrome version 137.
jun. 05, 2025 11:36:02 P. M. org.openqa.selenium.remote.ProtocolHandshake createSession
INFO: Detected dialect: W3C
[Test worker] INFO net.thucydides.core.steps.ConsoleLoggingListener - 
        __    _____ _____ ____ _____   ____   _    ____  ____  _____ ____  
  _     \ \  |_   _| ____/ ___|_   _| |  _ \ / \  / ___|/ ___|| ____|  _ \ 
 (_)_____| |   | | |  _| \___ \ | |   | |_) / _ \ \___ \\___ \|  _| | | | |
  _|_____| |   | | | |___ ___) || |   |  __/ ___ \ ___) |___) | |___| |_| |
 (_)     | |   |_| |_____|____/ |_|   |_| /_/   \_\____/|____/|_____|____/ 
        /_/                                                                

TEST PASSED: Verificar la autenticacion exitosa en la pagina de Mystical
----------------------------------------------------------------------------
]]></system-err>
</testsuite>
