<?xml version="1.0" encoding="UTF-8"?>
<testsuite name="Recuperación de contraseña" tests="1" skipped="0" failures="0" errors="0" timestamp="2025-06-12T01:58:18" hostname="ANGIE" time="10.245">
  <properties/>
  <testcase name="Recuperar contraseña mediante correo electrónico" classname="Recuperación de contraseña" time="10.245"/>
  <system-out><![CDATA[    ?[32mDado ?[0m?[32mque el usuario se encuentra en la página de recuperar Contraseña?[0m                                                                                        ?[90m# RecuperarContraseStepDefinitions.queElUsuarioSeEncuentraEnLaPáginaDeRecuperarContraseña()?[0m
    ?[32mCuando ?[0m?[32mingresa su correo electrónico registrado y hace clic en el botón Enviar?[0m                                                                               ?[90m# RecuperarContraseStepDefinitions.ingresaSuCorreoElectrónicoRegistradoYHaceClicEnElBotónEnviar(CredencialesRecuperarContrase>)?[0m
    ?[32mEntonces ?[0m?[32mel sistema debe enviar un enlace de recuperación al correo ingresado y debe mostrarse un mensaje indicando que se ha enviado el correo exitosamente?[0m ?[90m# RecuperarContraseStepDefinitions.elSistemaDebeEnviarUnEnlaceDeRecuperaciónAlCorreoIngresadoYDebeMostrarseUnMensajeIndicandoQueSeHaEnviadoElCorreoExitosamente()?[0m
]]></system-out>
  <system-err><![CDATA[jun. 11, 2025 8:58:19 P. M. org.openqa.selenium.remote.DesiredCapabilities chrome
INFO: Using `new ChromeOptions()` is preferred to `DesiredCapabilities.chrome()`
[Test worker] INFO net.serenitybdd.core.webdriver.driverproviders.ProvideNewDriver - Instantiating driver
[Test worker] INFO net.serenitybdd.core.webdriver.driverproviders.ProvideNewDriver - Driver capabilities: Capabilities {acceptInsecureCerts: false, browserName: chrome, goog:chromeOptions: {args: [], extensions: [], prefs: {behavior: allow}}, loggingPrefs: org.openqa.selenium.logging..., name: proyecto, platform: ANY, unhandledPromptBehavior: ignore, version: }
Starting ChromeDriver 136.0.7103.94 (fa0be0b33debeb378a8e6ad9c599be34e2dc3b37-refs/branch-heads/7103@{#1842}) on port 41640
Only local connections are allowed.
Please see https://chromedriver.chromium.org/security-considerations for suggestions on keeping ChromeDriver safe.
ChromeDriver was started successfully on port 41640.
[1749693501.616][WARNING]: This version of ChromeDriver has not been tested with Chrome version 137.
jun. 11, 2025 8:58:21 P. M. org.openqa.selenium.remote.ProtocolHandshake createSession
INFO: Detected dialect: W3C
[Test worker] INFO net.thucydides.core.steps.ConsoleLoggingListener - 
        __    _____ _____ ____ _____   ____   _    ____  ____  _____ ____  
  _     \ \  |_   _| ____/ ___|_   _| |  _ \ / \  / ___|/ ___|| ____|  _ \ 
 (_)_____| |   | | |  _| \___ \ | |   | |_) / _ \ \___ \\___ \|  _| | | | |
  _|_____| |   | | | |___ ___) || |   |  __/ ___ \ ___) |___) | |___| |_| |
 (_)     | |   |_| |_____|____/ |_|   |_| /_/   \_\____/|____/|_____|____/ 
        /_/                                                                

TEST PASSED: Recuperar contraseña mediante correo electrónico
----------------------------------------------------------------------------
]]></system-err>
</testsuite>
